<?xml version="1.0" encoding="UTF-8"?>
<testsuite xmlns:xsi="http://www.w3.org/2001/XMLSchema-instance" xsi:noNamespaceSchemaLocation="https://maven.apache.org/surefire/maven-surefire-plugin/xsd/surefire-test-report-3.0.xsd" version="3.0" name="com.balita.AppTest" time="0.011" tests="1" errors="0" skipped="0" failures="0">
  <properties>
    <property name="java.specification.version" value="17"/>
    <property name="sun.cpu.isalist" value="amd64"/>
    <property name="sun.jnu.encoding" value="Cp1252"/>
    <property name="java.class.path" value="C:\dev\balitaApp\reporting\jasperReport\target\test-classes;C:\dev\balitaApp\reporting\jasperReport\target\classes;C:\Users\Rico FAUCHARD\.m2\repository\junit\junit\3.8.1\junit-3.8.1.jar;C:\Users\Rico FAUCHARD\.m2\repository\net\sf\jasperreports\jasperreports\6.20.0\jasperreports-6.20.0.jar;C:\Users\Rico FAUCHARD\.m2\repository\commons-beanutils\commons-beanutils\1.9.4\commons-beanutils-1.9.4.jar;C:\Users\Rico FAUCHARD\.m2\repository\commons-collections\commons-collections\3.2.2\commons-collections-3.2.2.jar;C:\Users\Rico FAUCHARD\.m2\repository\commons-digester\commons-digester\2.1\commons-digester-2.1.jar;C:\Users\Rico FAUCHARD\.m2\repository\commons-logging\commons-logging\1.1.1\commons-logging-1.1.1.jar;C:\Users\Rico FAUCHARD\.m2\repository\org\jfree\jcommon\1.0.23\jcommon-1.0.23.jar;C:\Users\Rico FAUCHARD\.m2\repository\org\jfree\jfreechart\1.0.19\jfreechart-1.0.19.jar;C:\Users\Rico FAUCHARD\.m2\repository\org\eclipse\jdt\ecj\3.21.0\ecj-3.21.0.jar;C:\Users\Rico FAUCHARD\.m2\repository\com\fasterxml\jackson\core\jackson-core\2.13.3\jackson-core-2.13.3.jar;C:\Users\Rico FAUCHARD\.m2\repository\com\fasterxml\jackson\core\jackson-databind\2.13.3\jackson-databind-2.13.3.jar;C:\Users\Rico FAUCHARD\.m2\repository\com\fasterxml\jackson\core\jackson-annotations\2.13.3\jackson-annotations-2.13.3.jar;C:\Users\Rico FAUCHARD\.m2\repository\com\fasterxml\jackson\dataformat\jackson-dataformat-xml\2.13.3\jackson-dataformat-xml-2.13.3.jar;C:\Users\Rico FAUCHARD\.m2\repository\org\codehaus\woodstox\stax2-api\4.2.1\stax2-api-4.2.1.jar;C:\Users\Rico FAUCHARD\.m2\repository\com\fasterxml\woodstox\woodstox-core\6.2.7\woodstox-core-6.2.7.jar;C:\Users\Rico FAUCHARD\.m2\repository\net\sf\jasperreports\jasperreports-fonts\6.20.0\jasperreports-fonts-6.20.0.jar;C:\Users\Rico FAUCHARD\.m2\repository\com\lowagie\itext\2.1.7\itext-2.1.7.jar;C:\Users\Rico FAUCHARD\.m2\repository\bouncycastle\bcmail-jdk14\138\bcmail-jdk14-138.jar;C:\Users\Rico FAUCHARD\.m2\repository\bouncycastle\bcprov-jdk14\138\bcprov-jdk14-138.jar;C:\Users\Rico FAUCHARD\.m2\repository\org\bouncycastle\bctsp-jdk14\1.38\bctsp-jdk14-1.38.jar;C:\Users\Rico FAUCHARD\.m2\repository\org\bouncycastle\bcprov-jdk14\1.38\bcprov-jdk14-1.38.jar;C:\Users\Rico FAUCHARD\.m2\repository\org\bouncycastle\bcmail-jdk14\1.38\bcmail-jdk14-1.38.jar;C:\Users\Rico FAUCHARD\.m2\repository\org\apache\commons\commons-collections4\4.4\commons-collections4-4.4.jar;"/>
    <property name="java.vm.vendor" value="Oracle Corporation"/>
    <property name="sun.arch.data.model" value="64"/>
    <property name="user.variant" value=""/>
    <property name="java.vendor.url" value="https://java.oracle.com/"/>
    <property name="user.timezone" value="America/Toronto"/>
    <property name="os.name" value="Windows 10"/>
    <property name="java.vm.specification.version" value="17"/>
    <property name="sun.java.launcher" value="SUN_STANDARD"/>
    <property name="user.country" value="CA"/>
    <property name="sun.boot.library.path" value="C:\Program Files\Java\jdk-17.0.4.1\bin"/>
    <property name="sun.java.command" value="C:\Users\Rico FAUCHARD\AppData\Local\Temp\surefire781146734695097111\surefirebooter-20240617203958209_3.jar C:\Users\Rico FAUCHARD\AppData\Local\Temp\surefire781146734695097111 2024-06-17T20-39-58_089-jvmRun1 surefire-20240617203958209_1tmp surefire_0-20240617203958209_2tmp"/>
    <property name="jdk.debug" value="release"/>
    <property name="surefire.test.class.path" value="C:\dev\balitaApp\reporting\jasperReport\target\test-classes;C:\dev\balitaApp\reporting\jasperReport\target\classes;C:\Users\Rico FAUCHARD\.m2\repository\junit\junit\3.8.1\junit-3.8.1.jar;C:\Users\Rico FAUCHARD\.m2\repository\net\sf\jasperreports\jasperreports\6.20.0\jasperreports-6.20.0.jar;C:\Users\Rico FAUCHARD\.m2\repository\commons-beanutils\commons-beanutils\1.9.4\commons-beanutils-1.9.4.jar;C:\Users\Rico FAUCHARD\.m2\repository\commons-collections\commons-collections\3.2.2\commons-collections-3.2.2.jar;C:\Users\Rico FAUCHARD\.m2\repository\commons-digester\commons-digester\2.1\commons-digester-2.1.jar;C:\Users\Rico FAUCHARD\.m2\repository\commons-logging\commons-logging\1.1.1\commons-logging-1.1.1.jar;C:\Users\Rico FAUCHARD\.m2\repository\org\jfree\jcommon\1.0.23\jcommon-1.0.23.jar;C:\Users\Rico FAUCHARD\.m2\repository\org\jfree\jfreechart\1.0.19\jfreechart-1.0.19.jar;C:\Users\Rico FAUCHARD\.m2\repository\org\eclipse\jdt\ecj\3.21.0\ecj-3.21.0.jar;C:\Users\Rico FAUCHARD\.m2\repository\com\fasterxml\jackson\core\jackson-core\2.13.3\jackson-core-2.13.3.jar;C:\Users\Rico FAUCHARD\.m2\repository\com\fasterxml\jackson\core\jackson-databind\2.13.3\jackson-databind-2.13.3.jar;C:\Users\Rico FAUCHARD\.m2\repository\com\fasterxml\jackson\core\jackson-annotations\2.13.3\jackson-annotations-2.13.3.jar;C:\Users\Rico FAUCHARD\.m2\repository\com\fasterxml\jackson\dataformat\jackson-dataformat-xml\2.13.3\jackson-dataformat-xml-2.13.3.jar;C:\Users\Rico FAUCHARD\.m2\repository\org\codehaus\woodstox\stax2-api\4.2.1\stax2-api-4.2.1.jar;C:\Users\Rico FAUCHARD\.m2\repository\com\fasterxml\woodstox\woodstox-core\6.2.7\woodstox-core-6.2.7.jar;C:\Users\Rico FAUCHARD\.m2\repository\net\sf\jasperreports\jasperreports-fonts\6.20.0\jasperreports-fonts-6.20.0.jar;C:\Users\Rico FAUCHARD\.m2\repository\com\lowagie\itext\2.1.7\itext-2.1.7.jar;C:\Users\Rico FAUCHARD\.m2\repository\bouncycastle\bcmail-jdk14\138\bcmail-jdk14-138.jar;C:\Users\Rico FAUCHARD\.m2\repository\bouncycastle\bcprov-jdk14\138\bcprov-jdk14-138.jar;C:\Users\Rico FAUCHARD\.m2\repository\org\bouncycastle\bctsp-jdk14\1.38\bctsp-jdk14-1.38.jar;C:\Users\Rico FAUCHARD\.m2\repository\org\bouncycastle\bcprov-jdk14\1.38\bcprov-jdk14-1.38.jar;C:\Users\Rico FAUCHARD\.m2\repository\org\bouncycastle\bcmail-jdk14\1.38\bcmail-jdk14-1.38.jar;C:\Users\Rico FAUCHARD\.m2\repository\org\apache\commons\commons-collections4\4.4\commons-collections4-4.4.jar;"/>
    <property name="sun.cpu.endian" value="little"/>
    <property name="user.home" value="C:\Users\Rico FAUCHARD"/>
    <property name="user.language" value="en"/>
    <property name="java.specification.vendor" value="Oracle Corporation"/>
    <property name="java.version.date" value="2022-08-18"/>
    <property name="java.home" value="C:\Program Files\Java\jdk-17.0.4.1"/>
    <property name="file.separator" value="\"/>
    <property name="basedir" value="C:\dev\balitaApp\reporting\jasperReport"/>
    <property name="java.vm.compressedOopsMode" value="Zero based"/>
    <property name="line.separator" value="&#10;"/>
    <property name="java.vm.specification.vendor" value="Oracle Corporation"/>
    <property name="java.specification.name" value="Java Platform API Specification"/>
    <property name="surefire.real.class.path" value="C:\Users\Rico FAUCHARD\AppData\Local\Temp\surefire781146734695097111\surefirebooter-20240617203958209_3.jar"/>
    <property name="user.script" value=""/>
    <property name="sun.management.compiler" value="HotSpot 64-Bit Tiered Compilers"/>
    <property name="java.runtime.version" value="17.0.4.1+1-LTS-2"/>
    <property name="user.name" value="Rico FAUCHARD"/>
    <property name="path.separator" value=";"/>
    <property name="os.version" value="10.0"/>
    <property name="java.runtime.name" value="Java(TM) SE Runtime Environment"/>
    <property name="file.encoding" value="Cp1252"/>
    <property name="java.vm.name" value="Java HotSpot(TM) 64-Bit Server VM"/>
    <property name="localRepository" value="C:\Users\Rico FAUCHARD\.m2\repository"/>
    <property name="java.vendor.url.bug" value="https://bugreport.java.com/bugreport/"/>
    <property name="java.io.tmpdir" value="C:\Users\RICOFA~1\AppData\Local\Temp\"/>
    <property name="idea.version" value="2024.1"/>
    <property name="java.version" value="17.0.4.1"/>
    <property name="user.dir" value="C:\dev\balitaApp\reporting\jasperReport"/>
    <property name="os.arch" value="amd64"/>
    <property name="java.vm.specification.name" value="Java Virtual Machine Specification"/>
    <property name="sun.os.patch.level" value=""/>
    <property name="native.encoding" value="Cp1252"/>
    <property name="java.library.path" value="C:\Program Files\Java\jdk-17.0.4.1\bin;C:\WINDOWS\Sun\Java\bin;C:\WINDOWS\system32;C:\WINDOWS;C:\Cmdr\vendor\conemu-maximus5\ConEmu\Scripts;C:\Cmdr\vendor\conemu-maximus5;C:\Cmdr\vendor\conemu-maximus5\ConEmu;C:\Program Files\Java\jdk-11.0.17\bin;C:\Python27\;C:\Python27\Scripts;C:\Program Files\AdoptOpenJDK\jdk-11.0.4.11-hotspot\bin;C:\Program Files\AdoptOpenJDK\jre-11.0.4.11-hotspot\bin;C:\Python310\Scripts\;C:\Python310\;C:\Program Files\Java\jdk-17.0.4.1\bin;C:\Program Files\Java\jdk1.8.0_221\bin;C:\Program Files (x86)\VMware\VMware Player\bin\;C:\WINDOWS\system32;C:\WINDOWS;C:\WINDOWS\System32\Wbem;C:\WINDOWS\System32\WindowsPowerShell\v1.0\;C:\WINDOWS\System32\OpenSSH\;C:\Program Files\Intel\WiFi\bin\;C:\Program Files\Common Files\Intel\WirelessCommon\;C:\Program Files\PowerShell\6\;C:\Program Files\dotnet\;C:\Program Files\Microsoft SQL Server\130\Tools\Binn\;C:\Program Files\Microsoft SQL Server\Client SDK\ODBC\170\Tools\Binn\;C:\wamp64\bin\php\php7.3.5;C:\wamp64\bin\mysql\mysql5.7.26\bin;C:\MAMP\bin\php\php7.2.10;C:\ProgramData\ComposerSetup\bin;C:\wp-cli;C:\MAMP\bin\mysql\bin;C:\ProgramData\chocolatey\bin;C:\Program Files\Microsoft SQL Server\Client SDK\ODBC\130\Tools\Binn\;C:\Program Files (x86)\Microsoft SQL Server\140\Tools\Binn\;C:\Program Files\Microsoft SQL Server\140\Tools\Binn\;C:\Program Files\Microsoft SQL Server\140\DTS\Binn\;C:\Program Files (x86)\dotnet\;C:\apache-maven-3.8.6\bin\;C:\Program Files\TortoiseGit\bin;C:\wamp64\bin\php\php7.3.5;C:\Program Files\Docker\Docker\resources\bin;C:\ProgramData\DockerDesktop\version-bin;C:\Python27;C:\Program Files\Go\bin;C:\Users\Rico FAUCHARD\Downloads\kotlin-native-windows-x86_64-1.7.20\bin;C:\Users\Rico FAUCHARD\MinGW\MinGW\bin;C:\Program Files\Amazon\AWSCLIV2\;C:\Program Files\PuTTY\;C:\amazon_ecs_cli\;C:\Program Files (x86)\Gpg4win\..\GnuPG\bin;C:\Program Files\JetBrains\IntelliJ IDEA Community Edition 2019.2.2\bin;C:\amazon_ecs_cli;C:\Program Files\Git\cmd;C:\tools\nvm;C:\tools\nodejs;C:\MongoDB\mongodb-win32-x86_64-windows-5.0.6\bin;C:\Program Files\MongoDB\Tools\100\bin;C:\Program Files\Red Hat OpenShift Local\;C:\helm-v3.14.0-rc.1-windows-amd64;C:\Ruby26-x64\bin;C:\Users\Rico FAUCHARD\AppData\Local\Microsoft\WindowsApps;C:\Users\Rico FAUCHARD\AppData\Local\Programs\Microsoft VS Code\bin;C:\Users\Rico FAUCHARD\go\bin;C:\Users\Rico FAUCHARD\AppData\Local\GitHubDesktop\bin;C:\Users\Rico FAUCHARD\Documents\PowerShell\Scripts;C:\Users\Rico FAUCHARD\AppData\Roaming\npm;C:\tools\nvm;C:\tools\nodejs;C:\Program Files\JetBrains\IntelliJ IDEA Community Edition 2024.1\bin;C:\Program Files\Git\mingw64\bin;C:\Program Files\Git\usr\bin;C:\Cmdr\vendor\bin;C:\Cmdr;."/>
    <property name="java.vm.info" value="mixed mode, sharing"/>
    <property name="java.vendor" value="Oracle Corporation"/>
    <property name="java.vm.version" value="17.0.4.1+1-LTS-2"/>
    <property name="sun.io.unicode.encoding" value="UnicodeLittle"/>
    <property name="java.class.version" value="61.0"/>
  </properties>
  <testcase name="testApp" classname="com.balita.AppTest" time="0.002"/>
</testsuite>